RXSDK/RXSDK-Android/rxsdk_weixin/build/intermediates/manifest_merge_blame_file/debug/manifest-merger-blame-debug-report.txt
1<?xml version="1.0" encoding="utf-8"?>
2<manifest xmlns:android="http://schemas.android.com/apk/res/android"
3    package="com.ruixue.wechat" >
4
5    <uses-sdk android:minSdkVersion="21" />
5-->src/main/AndroidManifest.xml
6
7    <uses-permission android:name="android.permission.INTERNET" />
7-->src/main/AndroidManifest.xml:5:5-67
7-->src/main/AndroidManifest.xml:5:22-64
8
9    <queries>
9-->src/main/AndroidManifest.xml:35:5-38:15
10
11        <!-- Android 11 微信分享无法拉起问题 -->
12        <package android:name="com.tencent.mm" />
12-->src/main/AndroidManifest.xml:37:9-50
12-->src/main/AndroidManifest.xml:37:18-47
13    </queries>
14
15    <application>
15-->src/main/AndroidManifest.xml:7:5-34:19
16        <meta-data
16-->src/main/AndroidManifest.xml:8:9-10:62
17            android:name="RX_PLUGIN_WECHAT"
17-->src/main/AndroidManifest.xml:9:13-44
18            android:value="com.ruixue.wechat.WXSdkWrapper" />
18-->src/main/AndroidManifest.xml:10:13-59
19        <!-- 微信回调activity -->
20        <!-- <activity -->
21        <!-- android:name="com.ruixue.wechat.WXEntryActivity" -->
22        <!-- android:enabled="true" -->
23        <!-- android:exported="true" -->
24        <!-- android:launchMode="singleTask" -->
25        <!-- android:theme="@style/AppTheme_Transparent" /> -->
26
27
28        <!-- 微信回调activity别名类，因为微信需要回调到指定包名指定类名，所以设置别名 -->
29        <!-- <activity-alias -->
30        <!-- android:name="${applicationId}.wxapi.WXEntryActivity" -->
31        <!-- android:enabled="true" -->
32        <!-- android:exported="true" -->
33        <!-- android:targetActivity=".WXEntryActivity" /> -->
34
35
36        <!-- 微信支付回调activity别名类，和微信登录，微信分享的类名不一样 -->
37        <!-- <activity-alias -->
38        <!-- android:name="${applicationId}.wxapi.WXPayEntryActivity" -->
39        <!-- android:enabled="true" -->
40        <!-- android:exported="true" -->
41        <!-- android:targetActivity=".WXEntryActivity" /> -->
42
43    </application>
44
45</manifest>